Warning[205] C:\USERS\1137910\DOWNLOADS\COMPUTERSCIENCE\LABORATÛRIO DE ARQUITETURA DE COMPUTADORES\TRABALHOFINALSEMRECURSIVIDADE\TRABALHOFINALSEMRECURSIVIDADE.ASM 4 : Found directive in column 1. (__CONFIG)
Message[302] C:\USERS\1137910\DOWNLOADS\COMPUTERSCIENCE\LABORATÛRIO DE ARQUITETURA DE COMPUTADORES\TRABALHOFINALSEMRECURSIVIDADE\TRABALHOFINALSEMRECURSIVIDADE.ASM 71 : Register in operand not in bank 0.  Ensure that bank bits are correct.
Message[302] C:\USERS\1137910\DOWNLOADS\COMPUTERSCIENCE\LABORATÛRIO DE ARQUITETURA DE COMPUTADORES\TRABALHOFINALSEMRECURSIVIDADE\TRABALHOFINALSEMRECURSIVIDADE.ASM 72 : Register in operand not in bank 0.  Ensure that bank bits are correct.
Message[302] C:\USERS\1137910\DOWNLOADS\COMPUTERSCIENCE\LABORATÛRIO DE ARQUITETURA DE COMPUTADORES\TRABALHOFINALSEMRECURSIVIDADE\TRABALHOFINALSEMRECURSIVIDADE.ASM 73 : Register in operand not in bank 0.  Ensure that bank bits are correct.
Warning[203] C:\USERS\1137910\DOWNLOADS\COMPUTERSCIENCE\LABORATÛRIO DE ARQUITETURA DE COMPUTADORES\TRABALHOFINALSEMRECURSIVIDADE\TRABALHOFINALSEMRECURSIVIDADE.ASM 99 : Found opcode in column 1. (GOTO)
Warning[203] C:\USERS\1137910\DOWNLOADS\COMPUTERSCIENCE\LABORATÛRIO DE ARQUITETURA DE COMPUTADORES\TRABALHOFINALSEMRECURSIVIDADE\TRABALHOFINALSEMRECURSIVIDADE.ASM 118 : Found opcode in column 1. (GOTO)
Warning[203] C:\USERS\1137910\DOWNLOADS\COMPUTERSCIENCE\LABORATÛRIO DE ARQUITETURA DE COMPUTADORES\TRABALHOFINALSEMRECURSIVIDADE\TRABALHOFINALSEMRECURSIVIDADE.ASM 135 : Found opcode in column 1. (RETURN)
Warning[203] C:\USERS\1137910\DOWNLOADS\COMPUTERSCIENCE\LABORATÛRIO DE ARQUITETURA DE COMPUTADORES\TRABALHOFINALSEMRECURSIVIDADE\TRABALHOFINALSEMRECURSIVIDADE.ASM 142 : Found opcode in column 1. (RETURN)
Warning[203] C:\USERS\1137910\DOWNLOADS\COMPUTERSCIENCE\LABORATÛRIO DE ARQUITETURA DE COMPUTADORES\TRABALHOFINALSEMRECURSIVIDADE\TRABALHOFINALSEMRECURSIVIDADE.ASM 147 : Found opcode in column 1. (RETURN)
Warning[203] C:\USERS\1137910\DOWNLOADS\COMPUTERSCIENCE\LABORATÛRIO DE ARQUITETURA DE COMPUTADORES\TRABALHOFINALSEMRECURSIVIDADE\TRABALHOFINALSEMRECURSIVIDADE.ASM 152 : Found opcode in column 1. (RETURN)
Warning[203] C:\USERS\1137910\DOWNLOADS\COMPUTERSCIENCE\LABORATÛRIO DE ARQUITETURA DE COMPUTADORES\TRABALHOFINALSEMRECURSIVIDADE\TRABALHOFINALSEMRECURSIVIDADE.ASM 157 : Found opcode in column 1. (RETURN)
Warning[203] C:\USERS\1137910\DOWNLOADS\COMPUTERSCIENCE\LABORATÛRIO DE ARQUITETURA DE COMPUTADORES\TRABALHOFINALSEMRECURSIVIDADE\TRABALHOFINALSEMRECURSIVIDADE.ASM 163 : Found opcode in column 1. (RETURN)
Warning[203] C:\USERS\1137910\DOWNLOADS\COMPUTERSCIENCE\LABORATÛRIO DE ARQUITETURA DE COMPUTADORES\TRABALHOFINALSEMRECURSIVIDADE\TRABALHOFINALSEMRECURSIVIDADE.ASM 182 : Found opcode in column 1. (GOTO)
Warning[203] C:\USERS\1137910\DOWNLOADS\COMPUTERSCIENCE\LABORATÛRIO DE ARQUITETURA DE COMPUTADORES\TRABALHOFINALSEMRECURSIVIDADE\TRABALHOFINALSEMRECURSIVIDADE.ASM 199 : Found opcode in column 1. (RETURN)
Warning[203] C:\USERS\1137910\DOWNLOADS\COMPUTERSCIENCE\LABORATÛRIO DE ARQUITETURA DE COMPUTADORES\TRABALHOFINALSEMRECURSIVIDADE\TRABALHOFINALSEMRECURSIVIDADE.ASM 207 : Found opcode in column 1. (RETURN)
Warning[203] C:\USERS\1137910\DOWNLOADS\COMPUTERSCIENCE\LABORATÛRIO DE ARQUITETURA DE COMPUTADORES\TRABALHOFINALSEMRECURSIVIDADE\TRABALHOFINALSEMRECURSIVIDADE.ASM 212 : Found opcode in column 1. (RETURN)
Warning[203] C:\USERS\1137910\DOWNLOADS\COMPUTERSCIENCE\LABORATÛRIO DE ARQUITETURA DE COMPUTADORES\TRABALHOFINALSEMRECURSIVIDADE\TRABALHOFINALSEMRECURSIVIDADE.ASM 217 : Found opcode in column 1. (RETURN)
Warning[203] C:\USERS\1137910\DOWNLOADS\COMPUTERSCIENCE\LABORATÛRIO DE ARQUITETURA DE COMPUTADORES\TRABALHOFINALSEMRECURSIVIDADE\TRABALHOFINALSEMRECURSIVIDADE.ASM 222 : Found opcode in column 1. (RETURN)
Warning[203] C:\USERS\1137910\DOWNLOADS\COMPUTERSCIENCE\LABORATÛRIO DE ARQUITETURA DE COMPUTADORES\TRABALHOFINALSEMRECURSIVIDADE\TRABALHOFINALSEMRECURSIVIDADE.ASM 227 : Found opcode in column 1. (RETURN)
Warning[207] C:\USERS\1137910\DOWNLOADS\COMPUTERSCIENCE\LABORATÛRIO DE ARQUITETURA DE COMPUTADORES\TRABALHOFINALSEMRECURSIVIDADE\TRABALHOFINALSEMRECURSIVIDADE.ASM 265 : Found label after column 1. (ATRASO1_HEADER_FOR2)
Warning[207] C:\USERS\1137910\DOWNLOADS\COMPUTERSCIENCE\LABORATÛRIO DE ARQUITETURA DE COMPUTADORES\TRABALHOFINALSEMRECURSIVIDADE\TRABALHOFINALSEMRECURSIVIDADE.ASM 271 : Found label after column 1. (ATRASO1_BODY_FOR2)
Warning[207] C:\USERS\1137910\DOWNLOADS\COMPUTERSCIENCE\LABORATÛRIO DE ARQUITETURA DE COMPUTADORES\TRABALHOFINALSEMRECURSIVIDADE\TRABALHOFINALSEMRECURSIVIDADE.ASM 280 : Found label after column 1. (ATRASO1_HEADER_FOR3)
Warning[202] C:\USERS\1137910\DOWNLOADS\COMPUTERSCIENCE\LABORATÛRIO DE ARQUITETURA DE COMPUTADORES\TRABALHOFINALSEMRECURSIVIDADE\TRABALHOFINALSEMRECURSIVIDADE.ASM 281 : Argument out of range.  Least significant bits used.
Warning[207] C:\USERS\1137910\DOWNLOADS\COMPUTERSCIENCE\LABORATÛRIO DE ARQUITETURA DE COMPUTADORES\TRABALHOFINALSEMRECURSIVIDADE\TRABALHOFINALSEMRECURSIVIDADE.ASM 284 : Found label after column 1. (ATRASO1_BODY_FOR3)
Message[305] C:\USERS\1137910\DOWNLOADS\COMPUTERSCIENCE\LABORATÛRIO DE ARQUITETURA DE COMPUTADORES\TRABALHOFINALSEMRECURSIVIDADE\TRABALHOFINALSEMRECURSIVIDADE.ASM 293 : Using default destination of 1 (file).
Message[305] C:\USERS\1137910\DOWNLOADS\COMPUTERSCIENCE\LABORATÛRIO DE ARQUITETURA DE COMPUTADORES\TRABALHOFINALSEMRECURSIVIDADE\TRABALHOFINALSEMRECURSIVIDADE.ASM 296 : Using default destination of 1 (file).
Message[305] C:\USERS\1137910\DOWNLOADS\COMPUTERSCIENCE\LABORATÛRIO DE ARQUITETURA DE COMPUTADORES\TRABALHOFINALSEMRECURSIVIDADE\TRABALHOFINALSEMRECURSIVIDADE.ASM 299 : Using default destination of 1 (file).
Message[305] C:\USERS\1137910\DOWNLOADS\COMPUTERSCIENCE\LABORATÛRIO DE ARQUITETURA DE COMPUTADORES\TRABALHOFINALSEMRECURSIVIDADE\TRABALHOFINALSEMRECURSIVIDADE.ASM 307 : Using default destination of 1 (file).
Warning[203] C:\USERS\1137910\DOWNLOADS\COMPUTERSCIENCE\LABORATÛRIO DE ARQUITETURA DE COMPUTADORES\TRABALHOFINALSEMRECURSIVIDADE\TRABALHOFINALSEMRECURSIVIDADE.ASM 309 : Found opcode in column 1. (GOTO)
Warning[203] C:\USERS\1137910\DOWNLOADS\COMPUTERSCIENCE\LABORATÛRIO DE ARQUITETURA DE COMPUTADORES\TRABALHOFINALSEMRECURSIVIDADE\TRABALHOFINALSEMRECURSIVIDADE.ASM 323 : Found opcode in column 1. (RETURN)
Warning[203] C:\USERS\1137910\DOWNLOADS\COMPUTERSCIENCE\LABORATÛRIO DE ARQUITETURA DE COMPUTADORES\TRABALHOFINALSEMRECURSIVIDADE\TRABALHOFINALSEMRECURSIVIDADE.ASM 327 : Found opcode in column 1. (RETURN)
Warning[203] C:\USERS\1137910\DOWNLOADS\COMPUTERSCIENCE\LABORATÛRIO DE ARQUITETURA DE COMPUTADORES\TRABALHOFINALSEMRECURSIVIDADE\TRABALHOFINALSEMRECURSIVIDADE.ASM 331 : Found opcode in column 1. (RETURN)
Warning[203] C:\USERS\1137910\DOWNLOADS\COMPUTERSCIENCE\LABORATÛRIO DE ARQUITETURA DE COMPUTADORES\TRABALHOFINALSEMRECURSIVIDADE\TRABALHOFINALSEMRECURSIVIDADE.ASM 335 : Found opcode in column 1. (RETURN)
Warning[203] C:\USERS\1137910\DOWNLOADS\COMPUTERSCIENCE\LABORATÛRIO DE ARQUITETURA DE COMPUTADORES\TRABALHOFINALSEMRECURSIVIDADE\TRABALHOFINALSEMRECURSIVIDADE.ASM 339 : Found opcode in column 1. (RETURN)
Warning[203] C:\USERS\1137910\DOWNLOADS\COMPUTERSCIENCE\LABORATÛRIO DE ARQUITETURA DE COMPUTADORES\TRABALHOFINALSEMRECURSIVIDADE\TRABALHOFINALSEMRECURSIVIDADE.ASM 343 : Found opcode in column 1. (RETURN)
Warning[203] C:\USERS\1137910\DOWNLOADS\COMPUTERSCIENCE\LABORATÛRIO DE ARQUITETURA DE COMPUTADORES\TRABALHOFINALSEMRECURSIVIDADE\TRABALHOFINALSEMRECURSIVIDADE.ASM 347 : Found opcode in column 1. (RETURN)
Warning[203] C:\USERS\1137910\DOWNLOADS\COMPUTERSCIENCE\LABORATÛRIO DE ARQUITETURA DE COMPUTADORES\TRABALHOFINALSEMRECURSIVIDADE\TRABALHOFINALSEMRECURSIVIDADE.ASM 351 : Found opcode in column 1. (RETURN)
Warning[203] C:\USERS\1137910\DOWNLOADS\COMPUTERSCIENCE\LABORATÛRIO DE ARQUITETURA DE COMPUTADORES\TRABALHOFINALSEMRECURSIVIDADE\TRABALHOFINALSEMRECURSIVIDADE.ASM 355 : Found opcode in column 1. (RETURN)
Warning[203] C:\USERS\1137910\DOWNLOADS\COMPUTERSCIENCE\LABORATÛRIO DE ARQUITETURA DE COMPUTADORES\TRABALHOFINALSEMRECURSIVIDADE\TRABALHOFINALSEMRECURSIVIDADE.ASM 359 : Found opcode in column 1. (RETURN)
Warning[207] C:\USERS\1137910\DOWNLOADS\COMPUTERSCIENCE\LABORATÛRIO DE ARQUITETURA DE COMPUTADORES\TRABALHOFINALSEMRECURSIVIDADE\TRABALHOFINALSEMRECURSIVIDADE.ASM 370 : Found label after column 1. (ATRASO2_HEADER_FOR2)
Warning[207] C:\USERS\1137910\DOWNLOADS\COMPUTERSCIENCE\LABORATÛRIO DE ARQUITETURA DE COMPUTADORES\TRABALHOFINALSEMRECURSIVIDADE\TRABALHOFINALSEMRECURSIVIDADE.ASM 374 : Found label after column 1. (ATRASO2_BODY_FOR2)
Warning[207] C:\USERS\1137910\DOWNLOADS\COMPUTERSCIENCE\LABORATÛRIO DE ARQUITETURA DE COMPUTADORES\TRABALHOFINALSEMRECURSIVIDADE\TRABALHOFINALSEMRECURSIVIDADE.ASM 383 : Found label after column 1. (ATRASO2_HEADER_FOR3)
Warning[202] C:\USERS\1137910\DOWNLOADS\COMPUTERSCIENCE\LABORATÛRIO DE ARQUITETURA DE COMPUTADORES\TRABALHOFINALSEMRECURSIVIDADE\TRABALHOFINALSEMRECURSIVIDADE.ASM 384 : Argument out of range.  Least significant bits used.
Warning[207] C:\USERS\1137910\DOWNLOADS\COMPUTERSCIENCE\LABORATÛRIO DE ARQUITETURA DE COMPUTADORES\TRABALHOFINALSEMRECURSIVIDADE\TRABALHOFINALSEMRECURSIVIDADE.ASM 387 : Found label after column 1. (ATRASO2_BODY_FOR3)
Message[305] C:\USERS\1137910\DOWNLOADS\COMPUTERSCIENCE\LABORATÛRIO DE ARQUITETURA DE COMPUTADORES\TRABALHOFINALSEMRECURSIVIDADE\TRABALHOFINALSEMRECURSIVIDADE.ASM 396 : Using default destination of 1 (file).
Message[305] C:\USERS\1137910\DOWNLOADS\COMPUTERSCIENCE\LABORATÛRIO DE ARQUITETURA DE COMPUTADORES\TRABALHOFINALSEMRECURSIVIDADE\TRABALHOFINALSEMRECURSIVIDADE.ASM 399 : Using default destination of 1 (file).
Message[305] C:\USERS\1137910\DOWNLOADS\COMPUTERSCIENCE\LABORATÛRIO DE ARQUITETURA DE COMPUTADORES\TRABALHOFINALSEMRECURSIVIDADE\TRABALHOFINALSEMRECURSIVIDADE.ASM 402 : Using default destination of 1 (file).
Warning[203] C:\USERS\1137910\DOWNLOADS\COMPUTERSCIENCE\LABORATÛRIO DE ARQUITETURA DE COMPUTADORES\TRABALHOFINALSEMRECURSIVIDADE\TRABALHOFINALSEMRECURSIVIDADE.ASM 409 : Found opcode in column 1. (RETURN)
Warning[203] C:\USERS\1137910\DOWNLOADS\COMPUTERSCIENCE\LABORATÛRIO DE ARQUITETURA DE COMPUTADORES\TRABALHOFINALSEMRECURSIVIDADE\TRABALHOFINALSEMRECURSIVIDADE.ASM 435 : Found opcode in column 1. (GOTO)
Warning[203] C:\USERS\1137910\DOWNLOADS\COMPUTERSCIENCE\LABORATÛRIO DE ARQUITETURA DE COMPUTADORES\TRABALHOFINALSEMRECURSIVIDADE\TRABALHOFINALSEMRECURSIVIDADE.ASM 442 : Found opcode in column 1. (RETURN)
Warning[203] C:\USERS\1137910\DOWNLOADS\COMPUTERSCIENCE\LABORATÛRIO DE ARQUITETURA DE COMPUTADORES\TRABALHOFINALSEMRECURSIVIDADE\TRABALHOFINALSEMRECURSIVIDADE.ASM 449 : Found opcode in column 1. (RETURN)
Warning[203] C:\USERS\1137910\DOWNLOADS\COMPUTERSCIENCE\LABORATÛRIO DE ARQUITETURA DE COMPUTADORES\TRABALHOFINALSEMRECURSIVIDADE\TRABALHOFINALSEMRECURSIVIDADE.ASM 456 : Found opcode in column 1. (RETURN)
Warning[203] C:\USERS\1137910\DOWNLOADS\COMPUTERSCIENCE\LABORATÛRIO DE ARQUITETURA DE COMPUTADORES\TRABALHOFINALSEMRECURSIVIDADE\TRABALHOFINALSEMRECURSIVIDADE.ASM 463 : Found opcode in column 1. (RETURN)
Warning[203] C:\USERS\1137910\DOWNLOADS\COMPUTERSCIENCE\LABORATÛRIO DE ARQUITETURA DE COMPUTADORES\TRABALHOFINALSEMRECURSIVIDADE\TRABALHOFINALSEMRECURSIVIDADE.ASM 476 : Found opcode in column 1. (RETURN)
Warning[205] C:\USERS\1137910\DOWNLOADS\COMPUTERSCIENCE\LABORATÛRIO DE ARQUITETURA DE COMPUTADORES\TRABALHOFINALSEMRECURSIVIDADE\TRABALHOFINALSEMRECURSIVIDADE.ASM 478 : Found directive in column 1. (END)
