MPASM  5.35               DELAY_MATRICULA.ASM   5-10-2019  19:28:09         PAGE  1


LOC  OBJECT CODE     LINE SOURCE TEXT
  VALUE

                      00001 ;************** AULA 01 - PROGRAMA PARA PISCAR LED *****************
Warning[205]: Found directive in column 1. (LIST)
                      00002 LIST   P=PIC16F628A
Warning[205]: Found directive in column 1. (RADIX)
                      00003 RADIX DEC
                      00004 #INCLUDE <P16F628A.INC>
                      00001         LIST
                      00002 ; P16F628A.INC  Standard Header File, Version 1.10    Microchip Technology, Inc.
                      00265         LIST
                      00266 
2007   3F10           00005         __CONFIG H'3F10'
                      00006 
                      00007         CBLOCK  0x20    ;ENDEREÇO INICIAL DA MEMÓRIA DE
                      00008                                         ;USUÁRIO
  00000020            00009         CONTADOR1
  00000021            00010         CONTADOR2
  00000022            00011         CONTADOR3
                      00012         ENDC                    ;FIM DO BLOCO DE MEMÓRIA
                      00013         
0000                  00014         ORG     0x00            ;ENDEREÇO INICIAL DE PROCESSAMENTO
0000   2801           00015         GOTO    INICIO
                      00016         
0001                  00017 INICIO
0001   0185           00018         CLRF    PORTA           ;LIMPA O PORTA
0002   0186           00019         CLRF    PORTB           ;LIMPA O PORTB
0003   1683           00020         BSF STATUS, RP0
Message[302]: Register in operand not in bank 0.  Ensure that bank bits are correct.
0004   0186           00021         CLRF TRISB
0005   1283           00022         BCF STATUS, RP0
                      00023 
0006                  00024 REPETE
0006   1486           00025         BSF PORTB, 1
0007   200B           00026         CALL ATRASO1_HEADER
0008   1086           00027         BCF PORTB, 1
0009   200B           00028         CALL ATRASO1_HEADER
000A   2806           00029         GOTO REPETE
                      00030 
                      00031 
000B                  00032 ATRASO1_HEADER ; header of for1
000B   30DC           00033         MOVLW   220                     ; Move literal to accumulator
000C   00A0           00034         MOVWF   CONTADOR1       ; Move accumulator value to file
                      00035         
000D                  00036 ATRASO1_BODY ; body of for1
                      00037 
Warning[207]: Found label after column 1. (ATRASO2_HEADER)
000D                  00038         ATRASO2_HEADER ; header of for2
000D   30D0           00039                 MOVLW   208                     ; Move literal to accumulator
000E   00A1           00040                 MOVWF   CONTADOR2       ; Move accumulator value to file
                      00041                 
Warning[207]: Found label after column 1. (ATRASO2_BODY)
000F                  00042         ATRASO2_BODY ; body of for2
                      00043         
Warning[207]: Found label after column 1. (ATRASO3_HEADER)
MPASM  5.35               DELAY_MATRICULA.ASM   5-10-2019  19:28:09         PAGE  2


LOC  OBJECT CODE     LINE SOURCE TEXT
  VALUE

000F                  00044                 ATRASO3_HEADER ; header of for3
000F   304C           00045                         MOVLW   76                      ; Move literal to accumulator
0010   00A2           00046                         MOVWF   CONTADOR3       ; Move accumulator value to file
                      00047                         
                      00048                         
Warning[207]: Found label after column 1. (ATRASO3_BODY)
0011                  00049                 ATRASO3_BODY ; body of for3
                      00050                         
Message[305]: Using default destination of 1 (file).
0011   0BA2           00051                         DECFSZ  CONTADOR3       ; Decrement file, skip next line if 0
0012   2811           00052                         GOTO    ATRASO3_BODY
                      00053                 
Message[305]: Using default destination of 1 (file).
0013   0BA1           00054                 DECFSZ  CONTADOR2       ; Decrement file, skip next line if 0
0014   280F           00055                 GOTO    ATRASO2_BODY
                      00056                 
Message[305]: Using default destination of 1 (file).
0015   0BA0           00057         DECFSZ  CONTADOR1       ; Decrement file, skip next line if 0
0016   280D           00058         GOTO    ATRASO1_BODY
                      00059 
Warning[207]: Found label after column 1. (ATRASO4_HEADER)
0017                  00060         ATRASO4_HEADER ; header of for4
0017   3030           00061                 MOVLW   48                      ; Move literal to accumulator
0018   00A1           00062                 MOVWF   CONTADOR2       ; Move accumulator value to file
                      00063                 
Warning[207]: Found label after column 1. (ATRASO4_BODY)
0019                  00064         ATRASO4_BODY ; body of for4
                      00065         
Warning[207]: Found label after column 1. (ATRASO5_HEADER)
0019                  00066                 ATRASO5_HEADER ; header of for5
0019   3064           00067                         MOVLW   100                     ; Move literal to accumulator
001A   00A2           00068                         MOVWF   CONTADOR3       ; Move accumulator value to file
                      00069                         
                      00070                         
Warning[207]: Found label after column 1. (ATRASO5_BODY)
001B                  00071                 ATRASO5_BODY ; body of for5
                      00072                         
Message[305]: Using default destination of 1 (file).
001B   0BA2           00073                         DECFSZ  CONTADOR3       ; Decrement file, skip next line if 0
001C   281B           00074                         GOTO    ATRASO5_BODY
                      00075                 
Message[305]: Using default destination of 1 (file).
001D   0BA1           00076                 DECFSZ  CONTADOR2       ; Decrement file, skip next line if 0
001E   2819           00077                 GOTO    ATRASO4_BODY
                      00078         
001F   0000           00079         NOP
0020   0000           00080         NOP
0021   0000           00081         NOP
0022   0000           00082         NOP
0023   0000           00083         NOP
0024   0000           00084         NOP
0025   0000           00085         NOP
0026   0000           00086         NOP
MPASM  5.35               DELAY_MATRICULA.ASM   5-10-2019  19:28:09         PAGE  3


LOC  OBJECT CODE     LINE SOURCE TEXT
  VALUE

0027   0000           00087         NOP
0028   0000           00088         NOP
0029   0000           00089         NOP
002A   0000           00090         NOP
002B   0000           00091         NOP
002C   0000           00092         NOP
002D   0000           00093         NOP
002E   0000           00094         NOP
                      00095         
002F   0008           00096         RETURN
                      00097 
Warning[205]: Found directive in column 1. (END)
                      00098 END
MPASM  5.35               DELAY_MATRICULA.ASM   5-10-2019  19:28:09         PAGE  4


SYMBOL TABLE
  LABEL                             VALUE 

ADEN                              00000003
ATRASO1_BODY                      0000000D
ATRASO1_HEADER                    0000000B
ATRASO2_BODY                      0000000F
ATRASO2_HEADER                    0000000D
ATRASO3_BODY                      00000011
ATRASO3_HEADER                    0000000F
ATRASO4_BODY                      00000019
ATRASO4_HEADER                    00000017
ATRASO5_BODY                      0000001B
ATRASO5_HEADER                    00000019
BRGH                              00000002
C                                 00000000
C1INV                             00000004
C1OUT                             00000006
C2INV                             00000005
C2OUT                             00000007
CCP1CON                           00000017
CCP1IE                            00000002
CCP1IF                            00000002
CCP1M0                            00000000
CCP1M1                            00000001
CCP1M2                            00000002
CCP1M3                            00000003
CCP1X                             00000005
CCP1Y                             00000004
CCPR1H                            00000016
CCPR1L                            00000015
CIS                               00000003
CM0                               00000000
CM1                               00000001
CM2                               00000002
CMCON                             0000001F
CMIE                              00000006
CMIF                              00000006
CONTADOR1                         00000020
CONTADOR2                         00000021
CONTADOR3                         00000022
CREN                              00000004
CSRC                              00000007
DC                                00000001
EEADR                             0000009B
EECON1                            0000009C
EECON2                            0000009D
EEDATA                            0000009A
EEIE                              00000007
EEIF                              00000007
F                                 00000001
FERR                              00000002
FSR                               00000004
GIE                               00000007
INDF                              00000000
INICIO                            00000001
MPASM  5.35               DELAY_MATRICULA.ASM   5-10-2019  19:28:09         PAGE  5


SYMBOL TABLE
  LABEL                             VALUE 

INTCON                            0000000B
INTE                              00000004
INTEDG                            00000006
INTF                              00000001
IRP                               00000007
NOT_BO                            00000000
NOT_BOD                           00000000
NOT_BOR                           00000000
NOT_PD                            00000003
NOT_POR                           00000001
NOT_RBPU                          00000007
NOT_T1SYNC                        00000002
NOT_TO                            00000004
OERR                              00000001
OPTION_REG                        00000081
OSCF                              00000003
PCL                               00000002
PCLATH                            0000000A
PCON                              0000008E
PEIE                              00000006
PIE1                              0000008C
PIR1                              0000000C
PORTA                             00000005
PORTB                             00000006
PR2                               00000092
PS0                               00000000
PS1                               00000001
PS2                               00000002
PSA                               00000003
RBIE                              00000003
RBIF                              00000000
RCIE                              00000005
RCIF                              00000005
RCREG                             0000001A
RCSTA                             00000018
RD                                00000000
REPETE                            00000006
RP0                               00000005
RP1                               00000006
RX9                               00000006
RX9D                              00000000
SPBRG                             00000099
SPEN                              00000007
SREN                              00000005
STATUS                            00000003
SYNC                              00000004
T0CS                              00000005
T0IE                              00000005
T0IF                              00000002
T0SE                              00000004
T1CKPS0                           00000004
T1CKPS1                           00000005
T1CON                             00000010
MPASM  5.35               DELAY_MATRICULA.ASM   5-10-2019  19:28:09         PAGE  6


SYMBOL TABLE
  LABEL                             VALUE 

T1OSCEN                           00000003
T2CKPS0                           00000000
T2CKPS1                           00000001
T2CON                             00000012
TMR0                              00000001
TMR1CS                            00000001
TMR1H                             0000000F
TMR1IE                            00000000
TMR1IF                            00000000
TMR1L                             0000000E
TMR1ON                            00000000
TMR2                              00000011
TMR2IE                            00000001
TMR2IF                            00000001
TMR2ON                            00000002
TOUTPS0                           00000003
TOUTPS1                           00000004
TOUTPS2                           00000005
TOUTPS3                           00000006
TRISA                             00000085
TRISB                             00000086
TRMT                              00000001
TX9                               00000006
TX9D                              00000000
TXEN                              00000005
TXIE                              00000004
TXIF                              00000004
TXREG                             00000019
TXSTA                             00000098
VR0                               00000000
VR1                               00000001
VR2                               00000002
VR3                               00000003
VRCON                             0000009F
VREN                              00000007
VROE                              00000006
VRR                               00000005
W                                 00000000
WR                                00000001
WREN                              00000002
WRERR                             00000003
Z                                 00000002
_BODEN_OFF                        00003FBF
_BODEN_ON                         00003FFF
_BOREN_OFF                        00003FBF
_BOREN_ON                         00003FFF
_CP_OFF                           00003FFF
_CP_ON                            00001FFF
_DATA_CP_OFF                      00003FFF
_DATA_CP_ON                       00003EFF
_ER_OSC_CLKOUT                    00003FFF
_ER_OSC_NOCLKOUT                  00003FFE
_EXTCLK_OSC                       00003FEF
MPASM  5.35               DELAY_MATRICULA.ASM   5-10-2019  19:28:09         PAGE  7


SYMBOL TABLE
  LABEL                             VALUE 

_HS_OSC                           00003FEE
_INTOSC_OSC_CLKOUT                00003FFD
_INTOSC_OSC_NOCLKOUT              00003FFC
_INTRC_OSC_CLKOUT                 00003FFD
_INTRC_OSC_NOCLKOUT               00003FFC
_LP_OSC                           00003FEC
_LVP_OFF                          00003F7F
_LVP_ON                           00003FFF
_MCLRE_OFF                        00003FDF
_MCLRE_ON                         00003FFF
_PWRTE_OFF                        00003FFF
_PWRTE_ON                         00003FF7
_RC_OSC_CLKOUT                    00003FFF
_RC_OSC_NOCLKOUT                  00003FFE
_WDT_OFF                          00003FFB
_WDT_ON                           00003FFF
_XT_OSC                           00003FED
__16F628A                         00000001
__DEBUG                           1


MEMORY USAGE MAP ('X' = Used,  '-' = Unused)

0000 : XXXXXXXXXXXXXXXX XXXXXXXXXXXXXXXX XXXXXXXXXXXXXXXX ----------------
2000 : -------X-------- ---------------- ---------------- ----------------

All other memory blocks unused.

Program Memory Words Used:    48
Program Memory Words Free:  2000


Errors   :     0
Warnings :    11 reported,     0 suppressed
Messages :     6 reported,     0 suppressed

