Warning[205] C:\USERS\1137910\DOWNLOADS\COMPUTERSCIENCE\LABORATÛRIO DE ARQUITETURA DE COMPUTADORES\TRABALHOFINAL\TRABALHOFINALSEMRECURSIVIDADE.ASM 4 : Found directive in column 1. (__CONFIG)
Message[302] C:\USERS\1137910\DOWNLOADS\COMPUTERSCIENCE\LABORATÛRIO DE ARQUITETURA DE COMPUTADORES\TRABALHOFINAL\TRABALHOFINALSEMRECURSIVIDADE.ASM 71 : Register in operand not in bank 0.  Ensure that bank bits are correct.
Message[302] C:\USERS\1137910\DOWNLOADS\COMPUTERSCIENCE\LABORATÛRIO DE ARQUITETURA DE COMPUTADORES\TRABALHOFINAL\TRABALHOFINALSEMRECURSIVIDADE.ASM 72 : Register in operand not in bank 0.  Ensure that bank bits are correct.
Message[302] C:\USERS\1137910\DOWNLOADS\COMPUTERSCIENCE\LABORATÛRIO DE ARQUITETURA DE COMPUTADORES\TRABALHOFINAL\TRABALHOFINALSEMRECURSIVIDADE.ASM 73 : Register in operand not in bank 0.  Ensure that bank bits are correct.
Warning[203] C:\USERS\1137910\DOWNLOADS\COMPUTERSCIENCE\LABORATÛRIO DE ARQUITETURA DE COMPUTADORES\TRABALHOFINAL\TRABALHOFINALSEMRECURSIVIDADE.ASM 186 : Found opcode in column 1. (GOTO)
Warning[203] C:\USERS\1137910\DOWNLOADS\COMPUTERSCIENCE\LABORATÛRIO DE ARQUITETURA DE COMPUTADORES\TRABALHOFINAL\TRABALHOFINALSEMRECURSIVIDADE.ASM 207 : Found opcode in column 1. (GOTO)
Warning[203] C:\USERS\1137910\DOWNLOADS\COMPUTERSCIENCE\LABORATÛRIO DE ARQUITETURA DE COMPUTADORES\TRABALHOFINAL\TRABALHOFINALSEMRECURSIVIDADE.ASM 224 : Found opcode in column 1. (RETURN)
Warning[203] C:\USERS\1137910\DOWNLOADS\COMPUTERSCIENCE\LABORATÛRIO DE ARQUITETURA DE COMPUTADORES\TRABALHOFINAL\TRABALHOFINALSEMRECURSIVIDADE.ASM 245 : Found opcode in column 1. (GOTO)
Warning[203] C:\USERS\1137910\DOWNLOADS\COMPUTERSCIENCE\LABORATÛRIO DE ARQUITETURA DE COMPUTADORES\TRABALHOFINAL\TRABALHOFINALSEMRECURSIVIDADE.ASM 262 : Found opcode in column 1. (RETURN)
Warning[207] C:\USERS\1137910\DOWNLOADS\COMPUTERSCIENCE\LABORATÛRIO DE ARQUITETURA DE COMPUTADORES\TRABALHOFINAL\TRABALHOFINALSEMRECURSIVIDADE.ASM 300 : Found label after column 1. (ATRASO1_HEADER_FOR2)
Warning[207] C:\USERS\1137910\DOWNLOADS\COMPUTERSCIENCE\LABORATÛRIO DE ARQUITETURA DE COMPUTADORES\TRABALHOFINAL\TRABALHOFINALSEMRECURSIVIDADE.ASM 306 : Found label after column 1. (ATRASO1_BODY_FOR2)
Warning[207] C:\USERS\1137910\DOWNLOADS\COMPUTERSCIENCE\LABORATÛRIO DE ARQUITETURA DE COMPUTADORES\TRABALHOFINAL\TRABALHOFINALSEMRECURSIVIDADE.ASM 315 : Found label after column 1. (ATRASO1_HEADER_FOR3)
Warning[202] C:\USERS\1137910\DOWNLOADS\COMPUTERSCIENCE\LABORATÛRIO DE ARQUITETURA DE COMPUTADORES\TRABALHOFINAL\TRABALHOFINALSEMRECURSIVIDADE.ASM 316 : Argument out of range.  Least significant bits used.
Warning[207] C:\USERS\1137910\DOWNLOADS\COMPUTERSCIENCE\LABORATÛRIO DE ARQUITETURA DE COMPUTADORES\TRABALHOFINAL\TRABALHOFINALSEMRECURSIVIDADE.ASM 319 : Found label after column 1. (ATRASO1_BODY_FOR3)
Message[305] C:\USERS\1137910\DOWNLOADS\COMPUTERSCIENCE\LABORATÛRIO DE ARQUITETURA DE COMPUTADORES\TRABALHOFINAL\TRABALHOFINALSEMRECURSIVIDADE.ASM 328 : Using default destination of 1 (file).
Message[305] C:\USERS\1137910\DOWNLOADS\COMPUTERSCIENCE\LABORATÛRIO DE ARQUITETURA DE COMPUTADORES\TRABALHOFINAL\TRABALHOFINALSEMRECURSIVIDADE.ASM 331 : Using default destination of 1 (file).
Message[305] C:\USERS\1137910\DOWNLOADS\COMPUTERSCIENCE\LABORATÛRIO DE ARQUITETURA DE COMPUTADORES\TRABALHOFINAL\TRABALHOFINALSEMRECURSIVIDADE.ASM 334 : Using default destination of 1 (file).
Message[305] C:\USERS\1137910\DOWNLOADS\COMPUTERSCIENCE\LABORATÛRIO DE ARQUITETURA DE COMPUTADORES\TRABALHOFINAL\TRABALHOFINALSEMRECURSIVIDADE.ASM 342 : Using default destination of 1 (file).
Warning[203] C:\USERS\1137910\DOWNLOADS\COMPUTERSCIENCE\LABORATÛRIO DE ARQUITETURA DE COMPUTADORES\TRABALHOFINAL\TRABALHOFINALSEMRECURSIVIDADE.ASM 344 : Found opcode in column 1. (GOTO)
Warning[203] C:\USERS\1137910\DOWNLOADS\COMPUTERSCIENCE\LABORATÛRIO DE ARQUITETURA DE COMPUTADORES\TRABALHOFINAL\TRABALHOFINALSEMRECURSIVIDADE.ASM 358 : Found opcode in column 1. (RETURN)
Warning[203] C:\USERS\1137910\DOWNLOADS\COMPUTERSCIENCE\LABORATÛRIO DE ARQUITETURA DE COMPUTADORES\TRABALHOFINAL\TRABALHOFINALSEMRECURSIVIDADE.ASM 362 : Found opcode in column 1. (RETURN)
Warning[203] C:\USERS\1137910\DOWNLOADS\COMPUTERSCIENCE\LABORATÛRIO DE ARQUITETURA DE COMPUTADORES\TRABALHOFINAL\TRABALHOFINALSEMRECURSIVIDADE.ASM 366 : Found opcode in column 1. (RETURN)
Warning[203] C:\USERS\1137910\DOWNLOADS\COMPUTERSCIENCE\LABORATÛRIO DE ARQUITETURA DE COMPUTADORES\TRABALHOFINAL\TRABALHOFINALSEMRECURSIVIDADE.ASM 370 : Found opcode in column 1. (RETURN)
Warning[203] C:\USERS\1137910\DOWNLOADS\COMPUTERSCIENCE\LABORATÛRIO DE ARQUITETURA DE COMPUTADORES\TRABALHOFINAL\TRABALHOFINALSEMRECURSIVIDADE.ASM 374 : Found opcode in column 1. (RETURN)
Warning[203] C:\USERS\1137910\DOWNLOADS\COMPUTERSCIENCE\LABORATÛRIO DE ARQUITETURA DE COMPUTADORES\TRABALHOFINAL\TRABALHOFINALSEMRECURSIVIDADE.ASM 378 : Found opcode in column 1. (RETURN)
Warning[203] C:\USERS\1137910\DOWNLOADS\COMPUTERSCIENCE\LABORATÛRIO DE ARQUITETURA DE COMPUTADORES\TRABALHOFINAL\TRABALHOFINALSEMRECURSIVIDADE.ASM 382 : Found opcode in column 1. (RETURN)
Warning[203] C:\USERS\1137910\DOWNLOADS\COMPUTERSCIENCE\LABORATÛRIO DE ARQUITETURA DE COMPUTADORES\TRABALHOFINAL\TRABALHOFINALSEMRECURSIVIDADE.ASM 386 : Found opcode in column 1. (RETURN)
Warning[203] C:\USERS\1137910\DOWNLOADS\COMPUTERSCIENCE\LABORATÛRIO DE ARQUITETURA DE COMPUTADORES\TRABALHOFINAL\TRABALHOFINALSEMRECURSIVIDADE.ASM 390 : Found opcode in column 1. (RETURN)
Warning[203] C:\USERS\1137910\DOWNLOADS\COMPUTERSCIENCE\LABORATÛRIO DE ARQUITETURA DE COMPUTADORES\TRABALHOFINAL\TRABALHOFINALSEMRECURSIVIDADE.ASM 394 : Found opcode in column 1. (RETURN)
Warning[203] C:\USERS\1137910\DOWNLOADS\COMPUTERSCIENCE\LABORATÛRIO DE ARQUITETURA DE COMPUTADORES\TRABALHOFINAL\TRABALHOFINALSEMRECURSIVIDADE.ASM 401 : Found opcode in column 1. (RETURN)
Warning[203] C:\USERS\1137910\DOWNLOADS\COMPUTERSCIENCE\LABORATÛRIO DE ARQUITETURA DE COMPUTADORES\TRABALHOFINAL\TRABALHOFINALSEMRECURSIVIDADE.ASM 406 : Found opcode in column 1. (RETURN)
Warning[203] C:\USERS\1137910\DOWNLOADS\COMPUTERSCIENCE\LABORATÛRIO DE ARQUITETURA DE COMPUTADORES\TRABALHOFINAL\TRABALHOFINALSEMRECURSIVIDADE.ASM 411 : Found opcode in column 1. (RETURN)
Warning[203] C:\USERS\1137910\DOWNLOADS\COMPUTERSCIENCE\LABORATÛRIO DE ARQUITETURA DE COMPUTADORES\TRABALHOFINAL\TRABALHOFINALSEMRECURSIVIDADE.ASM 416 : Found opcode in column 1. (RETURN)
Warning[203] C:\USERS\1137910\DOWNLOADS\COMPUTERSCIENCE\LABORATÛRIO DE ARQUITETURA DE COMPUTADORES\TRABALHOFINAL\TRABALHOFINALSEMRECURSIVIDADE.ASM 421 : Found opcode in column 1. (RETURN)
Warning[203] C:\USERS\1137910\DOWNLOADS\COMPUTERSCIENCE\LABORATÛRIO DE ARQUITETURA DE COMPUTADORES\TRABALHOFINAL\TRABALHOFINALSEMRECURSIVIDADE.ASM 428 : Found opcode in column 1. (RETURN)
Warning[203] C:\USERS\1137910\DOWNLOADS\COMPUTERSCIENCE\LABORATÛRIO DE ARQUITETURA DE COMPUTADORES\TRABALHOFINAL\TRABALHOFINALSEMRECURSIVIDADE.ASM 433 : Found opcode in column 1. (RETURN)
Warning[203] C:\USERS\1137910\DOWNLOADS\COMPUTERSCIENCE\LABORATÛRIO DE ARQUITETURA DE COMPUTADORES\TRABALHOFINAL\TRABALHOFINALSEMRECURSIVIDADE.ASM 438 : Found opcode in column 1. (RETURN)
Warning[203] C:\USERS\1137910\DOWNLOADS\COMPUTERSCIENCE\LABORATÛRIO DE ARQUITETURA DE COMPUTADORES\TRABALHOFINAL\TRABALHOFINALSEMRECURSIVIDADE.ASM 443 : Found opcode in column 1. (RETURN)
Warning[203] C:\USERS\1137910\DOWNLOADS\COMPUTERSCIENCE\LABORATÛRIO DE ARQUITETURA DE COMPUTADORES\TRABALHOFINAL\TRABALHOFINALSEMRECURSIVIDADE.ASM 448 : Found opcode in column 1. (RETURN)
Warning[207] C:\USERS\1137910\DOWNLOADS\COMPUTERSCIENCE\LABORATÛRIO DE ARQUITETURA DE COMPUTADORES\TRABALHOFINAL\TRABALHOFINALSEMRECURSIVIDADE.ASM 459 : Found label after column 1. (ATRASO2_HEADER_FOR2)
Warning[207] C:\USERS\1137910\DOWNLOADS\COMPUTERSCIENCE\LABORATÛRIO DE ARQUITETURA DE COMPUTADORES\TRABALHOFINAL\TRABALHOFINALSEMRECURSIVIDADE.ASM 463 : Found label after column 1. (ATRASO2_BODY_FOR2)
Warning[207] C:\USERS\1137910\DOWNLOADS\COMPUTERSCIENCE\LABORATÛRIO DE ARQUITETURA DE COMPUTADORES\TRABALHOFINAL\TRABALHOFINALSEMRECURSIVIDADE.ASM 472 : Found label after column 1. (ATRASO2_HEADER_FOR3)
Warning[202] C:\USERS\1137910\DOWNLOADS\COMPUTERSCIENCE\LABORATÛRIO DE ARQUITETURA DE COMPUTADORES\TRABALHOFINAL\TRABALHOFINALSEMRECURSIVIDADE.ASM 473 : Argument out of range.  Least significant bits used.
Warning[207] C:\USERS\1137910\DOWNLOADS\COMPUTERSCIENCE\LABORATÛRIO DE ARQUITETURA DE COMPUTADORES\TRABALHOFINAL\TRABALHOFINALSEMRECURSIVIDADE.ASM 476 : Found label after column 1. (ATRASO2_BODY_FOR3)
Message[305] C:\USERS\1137910\DOWNLOADS\COMPUTERSCIENCE\LABORATÛRIO DE ARQUITETURA DE COMPUTADORES\TRABALHOFINAL\TRABALHOFINALSEMRECURSIVIDADE.ASM 485 : Using default destination of 1 (file).
Message[305] C:\USERS\1137910\DOWNLOADS\COMPUTERSCIENCE\LABORATÛRIO DE ARQUITETURA DE COMPUTADORES\TRABALHOFINAL\TRABALHOFINALSEMRECURSIVIDADE.ASM 488 : Using default destination of 1 (file).
Message[305] C:\USERS\1137910\DOWNLOADS\COMPUTERSCIENCE\LABORATÛRIO DE ARQUITETURA DE COMPUTADORES\TRABALHOFINAL\TRABALHOFINALSEMRECURSIVIDADE.ASM 491 : Using default destination of 1 (file).
Warning[203] C:\USERS\1137910\DOWNLOADS\COMPUTERSCIENCE\LABORATÛRIO DE ARQUITETURA DE COMPUTADORES\TRABALHOFINAL\TRABALHOFINALSEMRECURSIVIDADE.ASM 498 : Found opcode in column 1. (RETURN)
Warning[203] C:\USERS\1137910\DOWNLOADS\COMPUTERSCIENCE\LABORATÛRIO DE ARQUITETURA DE COMPUTADORES\TRABALHOFINAL\TRABALHOFINALSEMRECURSIVIDADE.ASM 524 : Found opcode in column 1. (GOTO)
Warning[203] C:\USERS\1137910\DOWNLOADS\COMPUTERSCIENCE\LABORATÛRIO DE ARQUITETURA DE COMPUTADORES\TRABALHOFINAL\TRABALHOFINALSEMRECURSIVIDADE.ASM 531 : Found opcode in column 1. (RETURN)
Warning[203] C:\USERS\1137910\DOWNLOADS\COMPUTERSCIENCE\LABORATÛRIO DE ARQUITETURA DE COMPUTADORES\TRABALHOFINAL\TRABALHOFINALSEMRECURSIVIDADE.ASM 538 : Found opcode in column 1. (RETURN)
Warning[203] C:\USERS\1137910\DOWNLOADS\COMPUTERSCIENCE\LABORATÛRIO DE ARQUITETURA DE COMPUTADORES\TRABALHOFINAL\TRABALHOFINALSEMRECURSIVIDADE.ASM 545 : Found opcode in column 1. (RETURN)
Warning[203] C:\USERS\1137910\DOWNLOADS\COMPUTERSCIENCE\LABORATÛRIO DE ARQUITETURA DE COMPUTADORES\TRABALHOFINAL\TRABALHOFINALSEMRECURSIVIDADE.ASM 552 : Found opcode in column 1. (RETURN)
Warning[203] C:\USERS\1137910\DOWNLOADS\COMPUTERSCIENCE\LABORATÛRIO DE ARQUITETURA DE COMPUTADORES\TRABALHOFINAL\TRABALHOFINALSEMRECURSIVIDADE.ASM 565 : Found opcode in column 1. (RETURN)
Warning[205] C:\USERS\1137910\DOWNLOADS\COMPUTERSCIENCE\LABORATÛRIO DE ARQUITETURA DE COMPUTADORES\TRABALHOFINAL\TRABALHOFINALSEMRECURSIVIDADE.ASM 567 : Found directive in column 1. (END)
